<h:html xmlns:h="http://www.w3.org/1999/xhtml"
	xmlns:orx="http://openrosa.org/jr/xforms"
	xmlns="http://www.w3.org/2002/xforms"
	xmlns:xsd="http://www.w3.org/2001/XMLSchema"
	xmlns:jr="http://openrosa.org/javarosa"
	xmlns:vellum="http://commcarehq.org/xforms/vellum"
	vellum:ignore="richText">
	<h:head>
		<h:title>Untitled Form</h:title>
		<model>
			<instance>
				<data xmlns:jrm="http://dev.commcarehq.org/jr/xforms"
					xmlns="http://openrosa.org/formdesigner/8D6CF8A5-4396-45C3-9D05-64C3FD97A5D0"
					uiVersion="1" version="1" name="Untitled Form">
					<question1/>
				</data>
			</instance>
			<bind nodeset="/data/question1" type="xsd:string" 
				jr:constraintMsg="jr:itext('question1-blah-constraintMsg')" />
			<itext>
				<translation lang="en" default="">
					<text id="question1-label">
						<value>question1 en label</value>
						<value form="image">jr://file/commcare/image/data/question1.png</value>
						<value form="audio">jr://file/commcare/audio/data/question1.mp3</value>
						<value form="video">jr://file/commcare/video/data/question1.3gp</value>
						<value form="video-inline">jr://file/commcare/video-inline/data/question1.3gp</value>
						<value form="long">question1 en long</value>
						<value form="short">question1 en short</value>
						<value form="custom">question1 en custom</value>
					</text>
					<text id="question1-hint">
						<value>question1 en hint</value>
					</text>
					<text id="question1-help">
						<value>question1 en help</value>
						<value form="image">jr://file/commcare/image/help/data/question1.png</value>
						<value form="audio">jr://file/commcare/audio/help/data/question1.mp3</value>
						<value form="video">jr://file/commcare/video/help/data/question1.3gp</value>
						<value form="video-inline">jr://file/commcare/video-inline/help/data/question1.3gp</value>
					</text>
					<text id="question1-constraintMsg">
						<value>question1 en validation</value>
						<value form="image">jr://file/commcare/image/constraintMsg/data/question1.png</value>
						<value form="audio">jr://file/commcare/audio/constraintMsg/data/question1.mp3</value>
						<value form="video">jr://file/commcare/video/constraintMsg/data/question1.3gp</value>
						<value form="video-inline">jr://file/commcare/video-inline/constraintMsg/data/question1.3gp</value>
					</text>
				</translation>
				<translation lang="hin">
					<text id="question1-label">
						<value>question1 hin label</value>
						<value form="image">jr://file/commcare/image/data/question1.png</value>
						<value form="audio">jr://file/commcare/audio/data/question1.mp3</value>
						<value form="video">jr://file/commcare/video/data/question1.3gp</value>
						<value form="video-inline">jr://file/commcare/video-inline/data/question1.3gp</value>
						<value form="long">question1 hin long</value>
						<value form="short">question1 hin short</value>
						<value form="custom">question1 hin custom</value>
					</text>
					<text id="question1-hint">
						<value>question1 hin hint</value>
					</text>
					<text id="question1-help">
						<value>question1 hin help</value>
						<value form="image">jr://file/commcare/image/help/data/question1.png</value>
						<value form="audio">jr://file/commcare/audio/help/data/question1.mp3</value>
						<value form="video">jr://file/commcare/video/help/data/question1.3gp</value>
						<value form="video-inline">jr://file/commcare/video-inline/help/data/question1.3gp</value>
					</text>
					<text id="question1-constraintMsg">
						<value>question1 hin validation</value>
						<value form="image">jr://file/commcare/image/constraintMsg/data/question1.png</value>
						<value form="audio">jr://file/commcare/audio/constraintMsg/data/question1.mp3</value>
						<value form="video">jr://file/commcare/video/constraintMsg/data/question1.3gp</value>
						<value form="video-inline">jr://file/commcare/video-inline/constraintMsg/data/question1.3gp</value>
					</text>
				</translation>
			</itext>
		</model>
	</h:head>
	<h:body>
		<input ref="/data/question1">
			<label ref="jr:itext('question1-label')"/>
			<hint ref="jr:itext('question1-hint')"/>
			<help ref="jr:itext('question1-help')"/>
			<alert ref="jr:itext('question1-constraintMsg')"/>
		</input>
	</h:body>
</h:html>
